#-----------------------------------------------------------
# Vivado v2018.3 (64-bit)
# SW Build 2405991 on Thu Dec  6 23:38:27 MST 2018
# IP Build 2404404 on Fri Dec  7 01:43:56 MST 2018
# Start of session at: Sat Jul  2 15:18:34 2022
# Process ID: 2392
# Current directory: C:/Users/anjan/OneDrive/Desktop/New folder/Downsampling-Processor/Processor
# Command line: vivado.exe -gui_launcher_event rodinguilauncherevent12464 C:\Users\anjan\OneDrive\Desktop\New folder\Downsampling-Processor\Processor\Processor.xpr
# Log file: C:/Users/anjan/OneDrive/Desktop/New folder/Downsampling-Processor/Processor/vivado.log
# Journal file: C:/Users/anjan/OneDrive/Desktop/New folder/Downsampling-Processor/Processor\vivado.jou
#-----------------------------------------------------------
start_gui
open_project {C:/Users/anjan/OneDrive/Desktop/New folder/Downsampling-Processor/Processor/Processor.xpr}
INFO: [Project 1-313] Project file moved from 'C:/Users/anjan/OneDrive/Desktop/New folder/Processor/Processor' since last save.
Scanning sources...
Finished scanning sources
INFO: [IP_Flow 19-234] Refreshing IP repositories
INFO: [IP_Flow 19-1704] No user IP repositories specified
INFO: [IP_Flow 19-2313] Loaded Vivado IP repository 'C:/Xilinx/Vivado/2018.3/data/ip'.
open_project: Time (s): cpu = 00:00:15 ; elapsed = 00:00:18 . Memory (MB): peak = 689.305 ; gain = 105.254
update_compile_order -fileset sources_1
