#-----------------------------------------------------------
# Vivado v2018.3 (64-bit)
# SW Build 2405991 on Thu Dec  6 23:38:27 MST 2018
# IP Build 2404404 on Fri Dec  7 01:43:56 MST 2018
# Start of session at: Sat Jul  2 15:18:34 2022
# Process ID: 2392
# Current directory: C:/Users/anjan/OneDrive/Desktop/New folder/Downsampling-Processor/Processor
# Command line: vivado.exe -gui_launcher_event rodinguilauncherevent12464 C:\Users\anjan\OneDrive\Desktop\New folder\Downsampling-Processor\Processor\Processor.xpr
# Log file: C:/Users/anjan/OneDrive/Desktop/New folder/Downsampling-Processor/Processor/vivado.log
# Journal file: C:/Users/anjan/OneDrive/Desktop/New folder/Downsampling-Processor/Processor\vivado.jou
#-----------------------------------------------------------
start_gui
open_project {C:/Users/anjan/OneDrive/Desktop/New folder/Downsampling-Processor/Processor/Processor.xpr}
INFO: [Project 1-313] Project file moved from 'C:/Users/anjan/OneDrive/Desktop/New folder/Processor/Processor' since last save.
Scanning sources...
Finished scanning sources
INFO: [IP_Flow 19-234] Refreshing IP repositories
INFO: [IP_Flow 19-1704] No user IP repositories specified
INFO: [IP_Flow 19-2313] Loaded Vivado IP repository 'C:/Xilinx/Vivado/2018.3/data/ip'.
open_project: Time (s): cpu = 00:00:15 ; elapsed = 00:00:18 . Memory (MB): peak = 689.305 ; gain = 105.254
update_compile_order -fileset sources_1
launch_simulation
INFO: [Vivado 12-5682] Launching behavioral simulation in 'C:/Users/anjan/OneDrive/Desktop/New folder/Downsampling-Processor/Processor/Processor.sim/sim_1/behav/xsim'
INFO: [SIM-utils-51] Simulation object is 'sim_1'
INFO: [SIM-utils-54] Inspecting design source files for 'clock' in fileset 'sim_1'...
INFO: [USF-XSim-97] Finding global include files...
INFO: [USF-XSim-98] Fetching design files from 'sim_1'...
INFO: [USF-XSim-2] XSim::Compile design
INFO: [USF-XSim-61] Executing 'COMPILE and ANALYZE' step in 'C:/Users/anjan/OneDrive/Desktop/New folder/Downsampling-Processor/Processor/Processor.sim/sim_1/behav/xsim'
"xvlog --incr --relax -prj clock_vlog.prj"
INFO: [VRFC 10-2263] Analyzing Verilog file "C:/Users/anjan/OneDrive/Desktop/New folder/Downsampling-Processor/Processor/SRC/ALU.v" into library xil_defaultlib
INFO: [VRFC 10-311] analyzing module ALU
INFO: [VRFC 10-2263] Analyzing Verilog file "C:/Users/anjan/OneDrive/Desktop/New folder/Downsampling-Processor/Processor/SRC/Bus.v" into library xil_defaultlib
INFO: [VRFC 10-311] analyzing module Bus
INFO: [VRFC 10-2263] Analyzing Verilog file "C:/Users/anjan/OneDrive/Desktop/New folder/Downsampling-Processor/Processor/SRC/DRAM.v" into library xil_defaultlib
INFO: [VRFC 10-311] analyzing module DRAM
INFO: [VRFC 10-2263] Analyzing Verilog file "C:/Users/anjan/OneDrive/Desktop/New folder/Downsampling-Processor/Processor/SRC/IDC_controller.v" into library xil_defaultlib
INFO: [VRFC 10-311] analyzing module IDC_controller
INFO: [VRFC 10-2263] Analyzing Verilog file "C:/Users/anjan/OneDrive/Desktop/New folder/Downsampling-Processor/Processor/SRC/IR.v" into library xil_defaultlib
INFO: [VRFC 10-311] analyzing module IR
INFO: [VRFC 10-2263] Analyzing Verilog file "C:/Users/anjan/OneDrive/Desktop/New folder/Downsampling-Processor/Processor/SRC/IRAM.v" into library xil_defaultlib
INFO: [VRFC 10-311] analyzing module IRAM
INFO: [VRFC 10-2263] Analyzing Verilog file "C:/Users/anjan/OneDrive/Desktop/New folder/Downsampling-Processor/Processor/SRC/MAR.v" into library xil_defaultlib
INFO: [VRFC 10-311] analyzing module MAR
INFO: [VRFC 10-2263] Analyzing Verilog file "C:/Users/anjan/OneDrive/Desktop/New folder/Downsampling-Processor/Processor/SRC/MDR.v" into library xil_defaultlib
INFO: [VRFC 10-311] analyzing module MDR
INFO: [VRFC 10-2263] Analyzing Verilog file "C:/Users/anjan/OneDrive/Desktop/New folder/Downsampling-Processor/Processor/SRC/PC.v" into library xil_defaultlib
INFO: [VRFC 10-311] analyzing module PC
INFO: [VRFC 10-2263] Analyzing Verilog file "C:/Users/anjan/OneDrive/Desktop/New folder/Downsampling-Processor/Processor/SRC/Processor.v" into library xil_defaultlib
INFO: [VRFC 10-311] analyzing module Processor
INFO: [VRFC 10-2263] Analyzing Verilog file "C:/Users/anjan/OneDrive/Desktop/New folder/Downsampling-Processor/Processor/SRC/R.v" into library xil_defaultlib
INFO: [VRFC 10-311] analyzing module R
INFO: [VRFC 10-2263] Analyzing Verilog file "C:/Users/anjan/OneDrive/Desktop/New folder/Downsampling-Processor/Processor/SRC/Read_Registers.v" into library xil_defaultlib
INFO: [VRFC 10-311] analyzing module Read_registers
INFO: [VRFC 10-2263] Analyzing Verilog file "C:/Users/anjan/OneDrive/Desktop/New folder/Downsampling-Processor/Processor/SRC/Shift_registers.v" into library xil_defaultlib
INFO: [VRFC 10-311] analyzing module shift_registers
INFO: [VRFC 10-2263] Analyzing Verilog file "C:/Users/anjan/OneDrive/Desktop/New folder/Downsampling-Processor/Processor/SRC/State_Machine.v" into library xil_defaultlib
INFO: [VRFC 10-311] analyzing module statemachine
INFO: [VRFC 10-2263] Analyzing Verilog file "C:/Users/anjan/OneDrive/Desktop/New folder/Downsampling-Processor/Processor/SRC/Top_Level_Module.v" into library xil_defaultlib
INFO: [VRFC 10-311] analyzing module Top_Level_Module
INFO: [VRFC 10-2263] Analyzing Verilog file "C:/Users/anjan/OneDrive/Desktop/New folder/Downsampling-Processor/Processor/SRC/Write_registers.v" into library xil_defaultlib
INFO: [VRFC 10-311] analyzing module Write_registers
INFO: [VRFC 10-2263] Analyzing Verilog file "C:/Users/anjan/OneDrive/Desktop/New folder/Downsampling-Processor/Processor/Processor.srcs/sim_1/new/clock.v" into library xil_defaultlib
INFO: [VRFC 10-311] analyzing module clock
INFO: [VRFC 10-2263] Analyzing Verilog file "C:/Users/anjan/OneDrive/Desktop/New folder/Downsampling-Processor/Processor/Processor.sim/sim_1/behav/xsim/glbl.v" into library xil_defaultlib
INFO: [VRFC 10-311] analyzing module glbl
INFO: [USF-XSim-69] 'compile' step finished in '4' seconds
INFO: [USF-XSim-3] XSim::Elaborate design
INFO: [USF-XSim-61] Executing 'ELABORATE' step in 'C:/Users/anjan/OneDrive/Desktop/New folder/Downsampling-Processor/Processor/Processor.sim/sim_1/behav/xsim'
Vivado Simulator 2018.3
Copyright 1986-1999, 2001-2018 Xilinx, Inc. All Rights Reserved.
Running: C:/Xilinx/Vivado/2018.3/bin/unwrapped/win64.o/xelab.exe -wto d0d3335672ff45e8924c2a077ac733f2 --incr --debug typical --relax --mt 2 -L xil_defaultlib -L unisims_ver -L unimacro_ver -L secureip --snapshot clock_behav xil_defaultlib.clock xil_defaultlib.glbl -log elaborate.log 
Using 2 slave threads.
Starting static elaboration
Completed static elaboration
Starting simulation data flow analysis
WARNING: [XSIM 43-4100] "C:/Users/anjan/OneDrive/Desktop/New folder/Downsampling-Processor/Processor/Processor.sim/sim_1/behav/xsim/glbl.v" Line 6. Module glbl has a timescale but at least one module in design doesn't have timescale.
Completed simulation data flow analysis
Time Resolution for simulation is 1ps
Compiling module xil_defaultlib.IRAM
Compiling module xil_defaultlib.DRAM
Compiling module xil_defaultlib.statemachine
Compiling module xil_defaultlib.IR
Compiling module xil_defaultlib.ALU
Compiling module xil_defaultlib.Bus
Compiling module xil_defaultlib.PC
Compiling module xil_defaultlib.IDC_controller
Compiling module xil_defaultlib.R
Compiling module xil_defaultlib.shift_registers
Compiling module xil_defaultlib.Read_registers
Compiling module xil_defaultlib.Write_registers
Compiling module xil_defaultlib.MDR
Compiling module xil_defaultlib.MAR
Compiling module xil_defaultlib.Processor
Compiling module xil_defaultlib.Top_Level_Module
Compiling module xil_defaultlib.clock
Compiling module xil_defaultlib.glbl
Built simulation snapshot clock_behav

****** Webtalk v2018.3 (64-bit)
  **** SW Build 2405991 on Thu Dec  6 23:38:27 MST 2018
  **** IP Build 2404404 on Fri Dec  7 01:43:56 MST 2018
    ** Copyright 1986-2018 Xilinx, Inc. All Rights Reserved.

source C:/Users/anjan/OneDrive/Desktop/New -notrace
couldn't read file "C:/Users/anjan/OneDrive/Desktop/New": no such file or directory
INFO: [Common 17-206] Exiting Webtalk at Sat Jul  2 15:27:47 2022...
run_program: Time (s): cpu = 00:00:02 ; elapsed = 00:02:50 . Memory (MB): peak = 705.184 ; gain = 0.000
INFO: [USF-XSim-69] 'elaborate' step finished in '170' seconds
INFO: [USF-XSim-4] XSim::Simulate design
INFO: [USF-XSim-61] Executing 'SIMULATE' step in 'C:/Users/anjan/OneDrive/Desktop/New folder/Downsampling-Processor/Processor/Processor.sim/sim_1/behav/xsim'
INFO: [USF-XSim-98] *** Running xsim
   with args "clock_behav -key {Behavioral:sim_1:Functional:clock} -tclbatch {clock.tcl} -log {simulate.log}"
INFO: [USF-XSim-8] Loading simulator feature
Vivado Simulator 2018.3
Time resolution is 1 ps
source clock.tcl
# set curr_wave [current_wave_config]
# if { [string length $curr_wave] == 0 } {
#   if { [llength [get_objects]] > 0} {
#     add_wave /
#     set_property needs_save false [current_wave_config]
#   } else {
#      send_msg_id Add_Wave-1 WARNING "No top level signals found. Simulator will start without a wave window. If you want to open a wave window go to 'File->New Waveform Configuration' or type 'create_wave_config' in the TCL console."
#   }
# }
# run 1000ns
xsim: Time (s): cpu = 00:00:08 ; elapsed = 00:00:06 . Memory (MB): peak = 743.641 ; gain = 38.457
INFO: [USF-XSim-96] XSim completed. Design snapshot 'clock_behav' loaded.
INFO: [USF-XSim-97] XSim simulation ran for 1000ns
launch_simulation: Time (s): cpu = 00:00:12 ; elapsed = 00:03:02 . Memory (MB): peak = 743.641 ; gain = 38.457
synth_design -rtl -name rtl_1
Command: synth_design -rtl -name rtl_1
Starting synth_design
Using part: xc7k70tfbv676-1
Top: Top_Level_Module
---------------------------------------------------------------------------------
Starting RTL Elaboration : Time (s): cpu = 00:00:03 ; elapsed = 00:00:05 . Memory (MB): peak = 863.539 ; gain = 102.172
---------------------------------------------------------------------------------
INFO: [Synth 8-6157] synthesizing module 'Top_Level_Module' [C:/Users/anjan/OneDrive/Desktop/New folder/Downsampling-Processor/Processor/SRC/Top_Level_Module.v:1]
INFO: [Synth 8-6157] synthesizing module 'IRAM' [C:/Users/anjan/OneDrive/Desktop/New folder/Downsampling-Processor/Processor/SRC/IRAM.v:1]
INFO: [Synth 8-6155] done synthesizing module 'IRAM' (1#1) [C:/Users/anjan/OneDrive/Desktop/New folder/Downsampling-Processor/Processor/SRC/IRAM.v:1]
INFO: [Synth 8-6157] synthesizing module 'DRAM' [C:/Users/anjan/OneDrive/Desktop/New folder/Downsampling-Processor/Processor/SRC/DRAM.v:1]
INFO: [Synth 8-6155] done synthesizing module 'DRAM' (2#1) [C:/Users/anjan/OneDrive/Desktop/New folder/Downsampling-Processor/Processor/SRC/DRAM.v:1]
INFO: [Synth 8-6157] synthesizing module 'Processor' [C:/Users/anjan/OneDrive/Desktop/New folder/Downsampling-Processor/Processor/SRC/Processor.v:1]
INFO: [Synth 8-6157] synthesizing module 'statemachine' [C:/Users/anjan/OneDrive/Desktop/New folder/Downsampling-Processor/Processor/SRC/State_Machine.v:1]
INFO: [Synth 8-6155] done synthesizing module 'statemachine' (3#1) [C:/Users/anjan/OneDrive/Desktop/New folder/Downsampling-Processor/Processor/SRC/State_Machine.v:1]
INFO: [Synth 8-6157] synthesizing module 'IR' [C:/Users/anjan/OneDrive/Desktop/New folder/Downsampling-Processor/Processor/SRC/IR.v:1]
INFO: [Synth 8-6155] done synthesizing module 'IR' (4#1) [C:/Users/anjan/OneDrive/Desktop/New folder/Downsampling-Processor/Processor/SRC/IR.v:1]
INFO: [Synth 8-6157] synthesizing module 'ALU' [C:/Users/anjan/OneDrive/Desktop/New folder/Downsampling-Processor/Processor/SRC/ALU.v:1]
INFO: [Synth 8-155] case statement is not full and has no default [C:/Users/anjan/OneDrive/Desktop/New folder/Downsampling-Processor/Processor/SRC/ALU.v:34]
INFO: [Synth 8-6155] done synthesizing module 'ALU' (5#1) [C:/Users/anjan/OneDrive/Desktop/New folder/Downsampling-Processor/Processor/SRC/ALU.v:1]
INFO: [Synth 8-6157] synthesizing module 'Bus' [C:/Users/anjan/OneDrive/Desktop/New folder/Downsampling-Processor/Processor/SRC/Bus.v:1]
INFO: [Synth 8-155] case statement is not full and has no default [C:/Users/anjan/OneDrive/Desktop/New folder/Downsampling-Processor/Processor/SRC/Bus.v:40]
INFO: [Synth 8-155] case statement is not full and has no default [C:/Users/anjan/OneDrive/Desktop/New folder/Downsampling-Processor/Processor/SRC/Bus.v:102]
INFO: [Synth 8-6155] done synthesizing module 'Bus' (6#1) [C:/Users/anjan/OneDrive/Desktop/New folder/Downsampling-Processor/Processor/SRC/Bus.v:1]
INFO: [Synth 8-6157] synthesizing module 'PC' [C:/Users/anjan/OneDrive/Desktop/New folder/Downsampling-Processor/Processor/SRC/PC.v:1]
INFO: [Synth 8-6155] done synthesizing module 'PC' (7#1) [C:/Users/anjan/OneDrive/Desktop/New folder/Downsampling-Processor/Processor/SRC/PC.v:1]
INFO: [Synth 8-6157] synthesizing module 'IDC_controller' [C:/Users/anjan/OneDrive/Desktop/New folder/Downsampling-Processor/Processor/SRC/IDC_controller.v:1]
INFO: [Synth 8-226] default block is never used [C:/Users/anjan/OneDrive/Desktop/New folder/Downsampling-Processor/Processor/SRC/IDC_controller.v:18]
INFO: [Synth 8-6155] done synthesizing module 'IDC_controller' (8#1) [C:/Users/anjan/OneDrive/Desktop/New folder/Downsampling-Processor/Processor/SRC/IDC_controller.v:1]
INFO: [Synth 8-6157] synthesizing module 'R' [C:/Users/anjan/OneDrive/Desktop/New folder/Downsampling-Processor/Processor/SRC/R.v:1]
INFO: [Synth 8-6155] done synthesizing module 'R' (9#1) [C:/Users/anjan/OneDrive/Desktop/New folder/Downsampling-Processor/Processor/SRC/R.v:1]
INFO: [Synth 8-6157] synthesizing module 'shift_registers' [C:/Users/anjan/OneDrive/Desktop/New folder/Downsampling-Processor/Processor/SRC/Shift_registers.v:1]
INFO: [Synth 8-155] case statement is not full and has no default [C:/Users/anjan/OneDrive/Desktop/New folder/Downsampling-Processor/Processor/SRC/Shift_registers.v:18]
INFO: [Synth 8-6155] done synthesizing module 'shift_registers' (10#1) [C:/Users/anjan/OneDrive/Desktop/New folder/Downsampling-Processor/Processor/SRC/Shift_registers.v:1]
INFO: [Synth 8-6157] synthesizing module 'Read_registers' [C:/Users/anjan/OneDrive/Desktop/New folder/Downsampling-Processor/Processor/SRC/Read_Registers.v:1]
INFO: [Synth 8-6155] done synthesizing module 'Read_registers' (11#1) [C:/Users/anjan/OneDrive/Desktop/New folder/Downsampling-Processor/Processor/SRC/Read_Registers.v:1]
INFO: [Synth 8-6157] synthesizing module 'Write_registers' [C:/Users/anjan/OneDrive/Desktop/New folder/Downsampling-Processor/Processor/SRC/Write_registers.v:1]
INFO: [Synth 8-6155] done synthesizing module 'Write_registers' (12#1) [C:/Users/anjan/OneDrive/Desktop/New folder/Downsampling-Processor/Processor/SRC/Write_registers.v:1]
INFO: [Synth 8-6157] synthesizing module 'MDR' [C:/Users/anjan/OneDrive/Desktop/New folder/Downsampling-Processor/Processor/SRC/MDR.v:1]
INFO: [Synth 8-6155] done synthesizing module 'MDR' (13#1) [C:/Users/anjan/OneDrive/Desktop/New folder/Downsampling-Processor/Processor/SRC/MDR.v:1]
INFO: [Synth 8-6157] synthesizing module 'MAR' [C:/Users/anjan/OneDrive/Desktop/New folder/Downsampling-Processor/Processor/SRC/MAR.v:1]
INFO: [Synth 8-226] default block is never used [C:/Users/anjan/OneDrive/Desktop/New folder/Downsampling-Processor/Processor/SRC/MAR.v:15]
INFO: [Synth 8-6155] done synthesizing module 'MAR' (14#1) [C:/Users/anjan/OneDrive/Desktop/New folder/Downsampling-Processor/Processor/SRC/MAR.v:1]
INFO: [Synth 8-6155] done synthesizing module 'Processor' (15#1) [C:/Users/anjan/OneDrive/Desktop/New folder/Downsampling-Processor/Processor/SRC/Processor.v:1]
INFO: [Synth 8-6155] done synthesizing module 'Top_Level_Module' (16#1) [C:/Users/anjan/OneDrive/Desktop/New folder/Downsampling-Processor/Processor/SRC/Top_Level_Module.v:1]
WARNING: [Synth 8-3331] design IDC_controller has unconnected port instruction[15]
WARNING: [Synth 8-3331] design IDC_controller has unconnected port instruction[14]
WARNING: [Synth 8-3331] design IDC_controller has unconnected port instruction[13]
WARNING: [Synth 8-3331] design IDC_controller has unconnected port instruction[12]
WARNING: [Synth 8-3331] design IDC_controller has unconnected port instruction[7]
WARNING: [Synth 8-3331] design IDC_controller has unconnected port instruction[6]
WARNING: [Synth 8-3331] design IDC_controller has unconnected port instruction[5]
WARNING: [Synth 8-3331] design IDC_controller has unconnected port instruction[4]
WARNING: [Synth 8-3331] design IDC_controller has unconnected port instruction[3]
WARNING: [Synth 8-3331] design IDC_controller has unconnected port instruction[2]
WARNING: [Synth 8-3331] design IDC_controller has unconnected port instruction[1]
WARNING: [Synth 8-3331] design IDC_controller has unconnected port instruction[0]
WARNING: [Synth 8-3331] design PC has unconnected port instruction[15]
WARNING: [Synth 8-3331] design PC has unconnected port instruction[14]
WARNING: [Synth 8-3331] design PC has unconnected port instruction[13]
WARNING: [Synth 8-3331] design PC has unconnected port instruction[12]
WARNING: [Synth 8-3331] design Bus has unconnected port instruction[15]
WARNING: [Synth 8-3331] design Bus has unconnected port instruction[14]
WARNING: [Synth 8-3331] design Bus has unconnected port instruction[13]
WARNING: [Synth 8-3331] design Bus has unconnected port instruction[12]
WARNING: [Synth 8-3331] design Bus has unconnected port instruction[7]
WARNING: [Synth 8-3331] design Bus has unconnected port instruction[6]
WARNING: [Synth 8-3331] design Bus has unconnected port instruction[5]
WARNING: [Synth 8-3331] design Bus has unconnected port instruction[4]
WARNING: [Synth 8-3331] design Bus has unconnected port instruction[3]
WARNING: [Synth 8-3331] design Bus has unconnected port instruction[2]
WARNING: [Synth 8-3331] design Bus has unconnected port instruction[1]
WARNING: [Synth 8-3331] design Bus has unconnected port instruction[0]
WARNING: [Synth 8-3331] design ALU has unconnected port instruction[15]
WARNING: [Synth 8-3331] design ALU has unconnected port instruction[14]
WARNING: [Synth 8-3331] design ALU has unconnected port instruction[13]
WARNING: [Synth 8-3331] design ALU has unconnected port instruction[12]
WARNING: [Synth 8-3331] design IR has unconnected port clock
WARNING: [Synth 8-3331] design statemachine has unconnected port instruction[7]
WARNING: [Synth 8-3331] design statemachine has unconnected port instruction[6]
WARNING: [Synth 8-3331] design statemachine has unconnected port instruction[5]
WARNING: [Synth 8-3331] design statemachine has unconnected port instruction[4]
WARNING: [Synth 8-3331] design statemachine has unconnected port instruction[3]
---------------------------------------------------------------------------------
Finished RTL Elaboration : Time (s): cpu = 00:00:05 ; elapsed = 00:00:08 . Memory (MB): peak = 949.309 ; gain = 187.941
---------------------------------------------------------------------------------

Report Check Netlist: 
+------+------------------+-------+---------+-------+------------------+
|      |Item              |Errors |Warnings |Status |Description       |
+------+------------------+-------+---------+-------+------------------+
|1     |multi_driven_nets |      0|        0|Passed |Multi driven nets |
+------+------------------+-------+---------+-------+------------------+
---------------------------------------------------------------------------------
Start Handling Custom Attributes
---------------------------------------------------------------------------------
---------------------------------------------------------------------------------
Finished Handling Custom Attributes : Time (s): cpu = 00:00:05 ; elapsed = 00:00:08 . Memory (MB): peak = 949.309 ; gain = 187.941
---------------------------------------------------------------------------------
---------------------------------------------------------------------------------
Finished RTL Optimization Phase 1 : Time (s): cpu = 00:00:05 ; elapsed = 00:00:08 . Memory (MB): peak = 949.309 ; gain = 187.941
---------------------------------------------------------------------------------
INFO: [Device 21-403] Loading part xc7k70tfbv676-1
INFO: [Project 1-570] Preparing netlist for logic optimization

Processing XDC Constraints
Initializing timing engine
Completed Processing XDC Constraints

INFO: [Opt 31-138] Pushed 0 inverter(s) to 0 load pin(s).
Netlist sorting complete. Time (s): cpu = 00:00:00 ; elapsed = 00:00:00 . Memory (MB): peak = 1217.371 ; gain = 0.000
INFO: [Project 1-111] Unisim Transformation Summary:
No Unisim elements were transformed.

RTL Elaboration Complete:  : Time (s): cpu = 00:00:27 ; elapsed = 00:00:29 . Memory (MB): peak = 1294.754 ; gain = 533.387
42 Infos, 38 Warnings, 0 Critical Warnings and 0 Errors encountered.
synth_design completed successfully
synth_design: Time (s): cpu = 00:00:28 ; elapsed = 00:00:29 . Memory (MB): peak = 1294.754 ; gain = 533.387
close_design
close_sim
INFO: [Simtcl 6-16] Simulation closed
exit
INFO: [Common 17-206] Exiting Vivado at Sat Jul  2 15:36:20 2022...
